Watching for file changes with StatReloader
Performing system checks...

System check identified some issues:

WARNINGS:
todos.Todo: (models.W042) Auto-created primary key used when not defining a primary key type, by default 'django.db.models.AutoField'.
	HINT: Configure the DEFAULT_AUTO_FIELD setting or the TodosConfig.default_auto_field attribute to point to a subclass of AutoField, e.g. 'django.db.models.BigAutoField'.

System check identified 1 issue (0 silenced).
August 15, 2024 - 12:52:19
Django version 4.2.11, using settings 'todoApp.settings'
Starting development server at http://0.0.0.0:8001/
Quit the server with CONTROL-C.

[15/Aug/2024 12:52:33] "GET /todos/ HTTP/1.1" 200 3515
[15/Aug/2024 12:52:33] "GET /static/css/style.css HTTP/1.1" 200 225
[15/Aug/2024 13:15:33] "GET /todos/ HTTP/1.1" 200 3515
[15/Aug/2024 13:15:34] "GET /static/css/style.css HTTP/1.1" 304 0
[15/Aug/2024 13:42:35] "GET / HTTP/1.1" 302 0
[15/Aug/2024 13:42:35] "GET /todos HTTP/1.1" 301 0
[15/Aug/2024 13:42:35] "GET /todos/ HTTP/1.1" 200 3515
Not Found: /favicon.ico
[15/Aug/2024 13:42:36] "GET /favicon.ico HTTP/1.1" 404 2575
[15/Aug/2024 14:07:05] "GET /todos/ HTTP/1.1" 200 3515
[15/Aug/2024 14:07:05] "GET /static/css/style.css HTTP/1.1" 304 0
